<?xml version="1.0" encoding="UTF-8"?>
<robot generator="Robot 4.1 (Python 3.9.7 on win32)" generated="20220203 08:46:47.264" rpa="false" schemaversion="2">
<suite id="s1" name="TagPrinting" source="C:\ProjetosGit\AutomationTesting\ServiceHorseAPI\specs\TagPrinting.robot">
<test id="s1-t1" name="Print Product One">
<kw name="Print Tag Product1" library="Tags">
<var>${payload}</var>
<msg timestamp="20220203 08:46:55.490" level="INFO">${payload} = [{'preco_venda': '99.9', 'preco_campanha': 0, 'campanha_ativa': 'N', 'beneficio': '- CONQUISTOU O PRÊMIO \\"OURO AZUL" COMO PRODUTO ECOLOGICAMENTE CORRETO, POIS ECONOMIZA ÁGUA POTÁVEL;\r\n- É SIMPLES,...</msg>
<status status="PASS" starttime="20220203 08:46:55.490" endtime="20220203 08:46:55.490"/>
</kw>
<kw name="POST Print Tag" library="TagRoute">
<var>${response}</var>
<arg>${payload}</arg>
<kw name="Tag Url" library="api">
<var>${TAG_URL}</var>
<msg timestamp="20220203 08:46:55.491" level="INFO">${TAG_URL} = http://localhost:8080/api/v2/etiquetas</msg>
<status status="PASS" starttime="20220203 08:46:55.491" endtime="20220203 08:46:55.491"/>
</kw>
<kw name="POST" library="RequestsLibrary">
<var>${response}</var>
<arg>${TAG_URL}/etiqueta</arg>
<arg>json=${payload}</arg>
<arg>expected_status=any</arg>
<doc>Sends a POST request.</doc>
<msg timestamp="20220203 08:47:00.542" level="INFO">POST Request : url=http://localhost:8080/api/v2/etiquetas/etiqueta 
 path_url=/api/v2/etiquetas/etiqueta 
 headers={'User-Agent': 'python-requests/2.26.0', 'Accept-Encoding': 'gzip, deflate', 'Accept': '*/*', 'Connection': 'keep-alive', 'Content-Length': '1355', 'Content-Type': 'application/json'} 
 body=b'[{"preco_venda": "99.9", "preco_campanha": 0, "campanha_ativa": "N", "beneficio": "- CONQUISTOU O PR\\u00caMIO \\\\\\"OURO AZUL\\" COMO PRODUTO ECOLOGICAMENTE CORRETO, POIS ECONOMIZA \\u00c1GUA POT\\u00c1VEL;\\r\\n- \\u00c9 SIMPLES, MAS SEU RESULTADO \\u00c9 SURPREENDENTE: GELA POR MAIS TEMPO QUE O GELO CONVENCIONAL COM A VANTAGEM DE N\\u00c3O ALTERAR O SABOR E A CONSIST\\u00caNCIA DA BEBIDA;\\r\\n- O GELO ABSOLUTO \\u00c9 REUTILIZ\\u00c1VEL\\r\\n- TOME UMA ATITUDE ECOLOGICAMENTE CORRETA E ECONOMICAMENTE PERFEITA, EXPERIMENTE.\\r\\n", "caracteristica": "- MATERIAL: PEL\\u00cdCULA ESPECIAL DE SILICONE E POLIETILENO ENVOLVENDO \\u00c1GUA FILTRADA;\\r\\n- AT\\u00d3XICO;\\r\\n- PR\\u00c1TICO;\\r\\n- ECON\\u00d4MICO;\\r\\n- INCOLOR;\\r\\n- EMBALAGEM COM 80 UNIDADES.\\r\\n", "descricao": "GELO REUTILIZAVEL AVULSO INCOL.ABSO", "desccurta": "ABR.RSF.5/8A3/4 13A19 INC", "cod_prod": "4510", "unidade": "UN", "cod_barra": "", "local1": "TESTE", "quant_est_comerc": 999, "url": "", "local2": "", "preco_fidelidade": 0, "custo_medio": 3, "quant_defeitos": 100, "qtdpedida": 0, "qtdedispitf": 0, "qtdEtiqueta": "3", "cod_ncm": 0, "cod_cest": "", "origem": "", "controlado": "TSNNenhum", "substituicaoid": 0, "convenioid": 0, "grupo": "", "subGrupo": "", "previsao_chegada": "", "preco_itf": 0, "preco_Transferencia": 0, "preco_itf_loja": 0, "preco_Transferencia_loja": 0, "inconsistencia": ""}]' 
 </msg>
<msg timestamp="20220203 08:47:00.543" level="INFO">POST Response : url=http://localhost:8080/api/v2/etiquetas/etiqueta 
 status=201, reason=Created 
 headers={'Connection': 'close', 'Content-Type': 'application/json; charset=UTF-8', 'Content-Length': '63', 'Date': 'Thu, 03 Feb 2022 12:47:00 GMT'} 
 body={"codigo":201,"mensagem":"Comandos Enviados Para a Impressora"} 
 </msg>
<msg timestamp="20220203 08:47:00.543" level="INFO">${response} = &lt;Response [201]&gt;</msg>
<status status="PASS" starttime="20220203 08:46:55.491" endtime="20220203 08:47:00.543"/>
</kw>
<msg timestamp="20220203 08:47:00.543" level="INFO">${response} = &lt;Response [201]&gt;</msg>
<status status="PASS" starttime="20220203 08:46:55.491" endtime="20220203 08:47:00.543"/>
</kw>
<kw name="Status Should Be" library="RequestsLibrary">
<arg>201</arg>
<arg>${response}</arg>
<doc>Fails if response status code is different than the expected.</doc>
<status status="PASS" starttime="20220203 08:47:00.544" endtime="20220203 08:47:00.544"/>
</kw>
<kw name="Should Be Equal" library="BuiltIn">
<arg>${response.json()['mensagem']}</arg>
<arg>Comandos Enviados Para a Impressora</arg>
<doc>Fails if the given objects are unequal.</doc>
<status status="PASS" starttime="20220203 08:47:00.544" endtime="20220203 08:47:00.545"/>
</kw>
<status status="PASS" starttime="20220203 08:46:55.489" endtime="20220203 08:47:00.545"/>
</test>
<test id="s1-t2" name="Print Product Two">
<kw name="Print Tag Product2" library="Tags">
<var>${payload}</var>
<msg timestamp="20220203 08:47:00.548" level="INFO">${payload} = [{'preco_venda': '50.5', 'preco_campanha': 0, 'campanha_ativa': 'N', 'beneficio': '- CONQUISTOU O PRÊMIO \\"OURO AZUL" COMO PRODUTO ECOLOGICAMENTE CORRETO, POIS ECONOMIZA ÁGUA POTÁVEL;\r\n- É SIMPLES,...</msg>
<status status="PASS" starttime="20220203 08:47:00.548" endtime="20220203 08:47:00.548"/>
</kw>
<kw name="POST Print Tag" library="TagRoute">
<var>${response}</var>
<arg>${payload}</arg>
<kw name="Tag Url" library="api">
<var>${TAG_URL}</var>
<msg timestamp="20220203 08:47:00.548" level="INFO">${TAG_URL} = http://localhost:8080/api/v2/etiquetas</msg>
<status status="PASS" starttime="20220203 08:47:00.548" endtime="20220203 08:47:00.548"/>
</kw>
<kw name="POST" library="RequestsLibrary">
<var>${response}</var>
<arg>${TAG_URL}/etiqueta</arg>
<arg>json=${payload}</arg>
<arg>expected_status=any</arg>
<doc>Sends a POST request.</doc>
<msg timestamp="20220203 08:47:02.191" level="INFO">POST Request : url=http://localhost:8080/api/v2/etiquetas/etiqueta 
 path_url=/api/v2/etiquetas/etiqueta 
 headers={'User-Agent': 'python-requests/2.26.0', 'Accept-Encoding': 'gzip, deflate', 'Accept': '*/*', 'Connection': 'keep-alive', 'Content-Length': '1355', 'Content-Type': 'application/json'} 
 body=b'[{"preco_venda": "50.5", "preco_campanha": 0, "campanha_ativa": "N", "beneficio": "- CONQUISTOU O PR\\u00caMIO \\\\\\"OURO AZUL\\" COMO PRODUTO ECOLOGICAMENTE CORRETO, POIS ECONOMIZA \\u00c1GUA POT\\u00c1VEL;\\r\\n- \\u00c9 SIMPLES, MAS SEU RESULTADO \\u00c9 SURPREENDENTE: GELA POR MAIS TEMPO QUE O GELO CONVENCIONAL COM A VANTAGEM DE N\\u00c3O ALTERAR O SABOR E A CONSIST\\u00caNCIA DA BEBIDA;\\r\\n- O GELO ABSOLUTO \\u00c9 REUTILIZ\\u00c1VEL\\r\\n- TOME UMA ATITUDE ECOLOGICAMENTE CORRETA E ECONOMICAMENTE PERFEITA, EXPERIMENTE.\\r\\n", "caracteristica": "- MATERIAL: PEL\\u00cdCULA ESPECIAL DE SILICONE E POLIETILENO ENVOLVENDO \\u00c1GUA FILTRADA;\\r\\n- AT\\u00d3XICO;\\r\\n- PR\\u00c1TICO;\\r\\n- ECON\\u00d4MICO;\\r\\n- INCOLOR;\\r\\n- EMBALAGEM COM 80 UNIDADES.\\r\\n", "descricao": "GELO REUTILIZAVEL AVULSO INCOL.ABSO", "desccurta": "LIXA FERRO GRANA 180 3M", "cod_prod": "451010", "unidade": "UN", "cod_barra": "", "local1": "TESTE", "quant_est_comerc": 999, "url": "", "local2": "", "preco_fidelidade": 0, "custo_medio": 3, "quant_defeitos": 100, "qtdpedida": 0, "qtdedispitf": 0, "qtdEtiqueta": "2", "cod_ncm": 0, "cod_cest": "", "origem": "", "controlado": "TSNNenhum", "substituicaoid": 0, "convenioid": 0, "grupo": "", "subGrupo": "", "previsao_chegada": "", "preco_itf": 0, "preco_Transferencia": 0, "preco_itf_loja": 0, "preco_Transferencia_loja": 0, "inconsistencia": ""}]' 
 </msg>
<msg timestamp="20220203 08:47:02.191" level="INFO">POST Response : url=http://localhost:8080/api/v2/etiquetas/etiqueta 
 status=201, reason=Created 
 headers={'Connection': 'close', 'Content-Type': 'application/json; charset=UTF-8', 'Content-Length': '63', 'Date': 'Thu, 03 Feb 2022 12:47:02 GMT'} 
 body={"codigo":201,"mensagem":"Comandos Enviados Para a Impressora"} 
 </msg>
<msg timestamp="20220203 08:47:02.191" level="INFO">${response} = &lt;Response [201]&gt;</msg>
<status status="PASS" starttime="20220203 08:47:00.548" endtime="20220203 08:47:02.191"/>
</kw>
<msg timestamp="20220203 08:47:02.191" level="INFO">${response} = &lt;Response [201]&gt;</msg>
<status status="PASS" starttime="20220203 08:47:00.548" endtime="20220203 08:47:02.191"/>
</kw>
<kw name="Status Should Be" library="RequestsLibrary">
<arg>201</arg>
<arg>${response}</arg>
<doc>Fails if response status code is different than the expected.</doc>
<status status="PASS" starttime="20220203 08:47:02.192" endtime="20220203 08:47:02.193"/>
</kw>
<kw name="Should Be Equal" library="BuiltIn">
<arg>${response.json()['mensagem']}</arg>
<arg>Comandos Enviados Para a Impressora</arg>
<doc>Fails if the given objects are unequal.</doc>
<status status="PASS" starttime="20220203 08:47:02.193" endtime="20220203 08:47:02.194"/>
</kw>
<status status="PASS" starttime="20220203 08:47:00.546" endtime="20220203 08:47:02.194"/>
</test>
<doc>Suite de Teste da Impressão de Etiquetas de Produtos</doc>
<status status="PASS" starttime="20220203 08:46:47.266" endtime="20220203 08:47:02.196"/>
</suite>
<statistics>
<total>
<stat pass="2" fail="0" skip="0">All Tests</stat>
</total>
<tag>
</tag>
<suite>
<stat pass="2" fail="0" skip="0" id="s1" name="TagPrinting">TagPrinting</stat>
</suite>
</statistics>
<errors>
</errors>
</robot>
